<?xml version="1.0" encoding="UTF-8"?>
<!-- Generated by org.testng.reporters.JUnitXMLReporter -->
<testsuite ignored="0" hostname="DESKTOP-O7EAL3P" failures="1" tests="2" name="ErrorTest" time="15.382" errors="0" timestamp="2024-06-15T15:25:49 IST">
  <testcase classname="Nirbhay.SeleniumFW.ErrorValidation" name="ErrorValidation" time="0.658">
    <failure type="java.lang.AssertionError" message="expected [Incorrect email password.] but found [Incorrect email or password.]">
      <![CDATA[java.lang.AssertionError: expected [Incorrect email password.] but found [Incorrect email or password.]
at Nirbhay.SeleniumFW.ErrorValidation.ErrorValidation(ErrorValidation.java:41)
at java.base/java.util.ArrayList.forEach(ArrayList.java:1511)
at java.base/java.util.concurrent.FutureTask.run(FutureTask.java:264)
at java.base/java.util.concurrent.ThreadPoolExecutor.runWorker(ThreadPoolExecutor.java:1136)
at java.base/java.util.concurrent.ThreadPoolExecutor$Worker.run(ThreadPoolExecutor.java:635)
at java.base/java.lang.Thread.run(Thread.java:840)
... Removed 23 stack frames]]>
    </failure>
  </testcase> <!-- ErrorValidation -->
  <testcase classname="Nirbhay.SeleniumFW.ErrorValidation" name="ErrorValidationOnCart" time="7.27"/>
</testsuite> <!-- ErrorTest -->
